==5011== Cachegrind, a cache and branch-prediction profiler
==5011== Copyright (C) 2002-2013, and GNU GPL'd, by Nicholas Nethercote et al.
==5011== Using Valgrind-3.10.1 and LibVEX; rerun with -h for copyright info
==5011== Command: ./serial
==5011== Parent PID: 4885
==5011== 
--5011-- warning: L3 cache found, using its data for the LL simulation.
==5011== 
==5011== I   refs:      640,137,534
==5011== I1  misses:          1,127
==5011== LLi misses:          1,117
==5011== I1  miss rate:        0.00%
==5011== LLi miss rate:        0.00%
==5011== 
==5011== D   refs:      265,688,490  (176,418,350 rd   + 89,270,140 wr)
==5011== D1  misses:        194,646  (    129,721 rd   +     64,925 wr)
==5011== LLd misses:        125,754  (     61,020 rd   +     64,734 wr)
==5011== D1  miss rate:         0.0% (        0.0%     +        0.0%  )
==5011== LLd miss rate:         0.0% (        0.0%     +        0.0%  )
==5011== 
==5011== LL refs:           195,773  (    130,848 rd   +     64,925 wr)
==5011== LL misses:         126,871  (     62,137 rd   +     64,734 wr)
==5011== LL miss rate:          0.0% (        0.0%     +        0.0%  )
