==5014== Cachegrind, a cache and branch-prediction profiler
==5014== Copyright (C) 2002-2013, and GNU GPL'd, by Nicholas Nethercote et al.
==5014== Using Valgrind-3.10.1 and LibVEX; rerun with -h for copyright info
==5014== Command: ./serial
==5014== Parent PID: 4885
==5014== 
--5014-- warning: L3 cache found, using its data for the LL simulation.
==5014== 
==5014== I   refs:      416,364
==5014== I1  misses:      1,122
==5014== LLi misses:      1,062
==5014== I1  miss rate:    0.26%
==5014== LLi miss rate:    0.25%
==5014== 
==5014== D   refs:      168,341  (111,390 rd   + 56,951 wr)
==5014== D1  misses:      1,882  (  1,314 rd   +    568 wr)
==5014== LLd misses:      1,636  (  1,118 rd   +    518 wr)
==5014== D1  miss rate:     1.1% (    1.1%     +    0.9%  )
==5014== LLd miss rate:     0.9% (    1.0%     +    0.9%  )
==5014== 
==5014== LL refs:         3,004  (  2,436 rd   +    568 wr)
==5014== LL misses:       2,698  (  2,180 rd   +    518 wr)
==5014== LL miss rate:      0.4% (    0.4%     +    0.9%  )
