==5015== Cachegrind, a cache and branch-prediction profiler
==5015== Copyright (C) 2002-2013, and GNU GPL'd, by Nicholas Nethercote et al.
==5015== Using Valgrind-3.10.1 and LibVEX; rerun with -h for copyright info
==5015== Command: ./serial
==5015== Parent PID: 4885
==5015== 
--5015-- warning: L3 cache found, using its data for the LL simulation.
==5015== 
==5015== I   refs:      749,520
==5015== I1  misses:      1,122
==5015== LLi misses:      1,062
==5015== I1  miss rate:    0.14%
==5015== LLi miss rate:    0.14%
==5015== 
==5015== D   refs:      306,859  (203,007 rd   + 103,852 wr)
==5015== D1  misses:      1,961  (  1,340 rd   +     621 wr)
==5015== LLd misses:      1,704  (  1,134 rd   +     570 wr)
==5015== D1  miss rate:     0.6% (    0.6%     +     0.5%  )
==5015== LLd miss rate:     0.5% (    0.5%     +     0.5%  )
==5015== 
==5015== LL refs:         3,083  (  2,462 rd   +     621 wr)
==5015== LL misses:       2,766  (  2,196 rd   +     570 wr)
==5015== LL miss rate:      0.2% (    0.2%     +     0.5%  )
