==5016== Cachegrind, a cache and branch-prediction profiler
==5016== Copyright (C) 2002-2013, and GNU GPL'd, by Nicholas Nethercote et al.
==5016== Using Valgrind-3.10.1 and LibVEX; rerun with -h for copyright info
==5016== Command: ./serial
==5016== Parent PID: 4885
==5016== 
--5016-- warning: L3 cache found, using its data for the LL simulation.
==5016== 
==5016== I   refs:      1,210,172
==5016== I1  misses:        1,122
==5016== LLi misses:        1,062
==5016== I1  miss rate:      0.09%
==5016== LLi miss rate:      0.08%
==5016== 
==5016== D   refs:        498,414  (329,847 rd   + 168,567 wr)
==5016== D1  misses:        2,084  (  1,386 rd   +     698 wr)
==5016== LLd misses:        1,799  (  1,156 rd   +     643 wr)
==5016== D1  miss rate:       0.4% (    0.4%     +     0.4%  )
==5016== LLd miss rate:       0.3% (    0.3%     +     0.3%  )
==5016== 
==5016== LL refs:           3,206  (  2,508 rd   +     698 wr)
==5016== LL misses:         2,861  (  2,218 rd   +     643 wr)
==5016== LL miss rate:        0.1% (    0.1%     +     0.3%  )
